Determining if the pthread_create exist failed with the following output:
Change Dir: /home/cs18/Desktop/homework/Games101Homework/homework8/build/CMakeFiles/CMakeTmp

Run Build Command:"/usr/bin/make" "cmTC_75deb/fast"
/usr/bin/make -f CMakeFiles/cmTC_75deb.dir/build.make CMakeFiles/cmTC_75deb.dir/build
make[1]: 进入目录“/home/cs18/Desktop/homework/Games101Homework/homework8/build/CMakeFiles/CMakeTmp”
Building C object CMakeFiles/cmTC_75deb.dir/CheckSymbolExists.c.o
/usr/bin/cc    -o CMakeFiles/cmTC_75deb.dir/CheckSymbolExists.c.o   -c /home/cs18/Desktop/homework/Games101Homework/homework8/build/CMakeFiles/CMakeTmp/CheckSymbolExists.c
Linking C executable cmTC_75deb
/usr/bin/cmake -E cmake_link_script CMakeFiles/cmTC_75deb.dir/link.txt --verbose=1
/usr/bin/cc      -rdynamic CMakeFiles/cmTC_75deb.dir/CheckSymbolExists.c.o  -o cmTC_75deb 
CMakeFiles/cmTC_75deb.dir/CheckSymbolExists.c.o：在函数‘main’中：
CheckSymbolExists.c:(.text+0x1b)：对‘pthread_create’未定义的引用
collect2: error: ld returned 1 exit status
CMakeFiles/cmTC_75deb.dir/build.make:97: recipe for target 'cmTC_75deb' failed
make[1]: *** [cmTC_75deb] Error 1
make[1]: 离开目录“/home/cs18/Desktop/homework/Games101Homework/homework8/build/CMakeFiles/CMakeTmp”
Makefile:126: recipe for target 'cmTC_75deb/fast' failed
make: *** [cmTC_75deb/fast] Error 2

File /home/cs18/Desktop/homework/Games101Homework/homework8/build/CMakeFiles/CMakeTmp/CheckSymbolExists.c:
/* */
#include <pthread.h>

int main(int argc, char** argv)
{
  (void)argv;
#ifndef pthread_create
  return ((int*)(&pthread_create))[argc];
#else
  (void)argc;
  return 0;
#endif
}

Determining if the function pthread_create exists in the pthreads failed with the following output:
Change Dir: /home/cs18/Desktop/homework/Games101Homework/homework8/build/CMakeFiles/CMakeTmp

Run Build Command:"/usr/bin/make" "cmTC_c0572/fast"
/usr/bin/make -f CMakeFiles/cmTC_c0572.dir/build.make CMakeFiles/cmTC_c0572.dir/build
make[1]: 进入目录“/home/cs18/Desktop/homework/Games101Homework/homework8/build/CMakeFiles/CMakeTmp”
Building C object CMakeFiles/cmTC_c0572.dir/CheckFunctionExists.c.o
/usr/bin/cc   -DCHECK_FUNCTION_EXISTS=pthread_create   -o CMakeFiles/cmTC_c0572.dir/CheckFunctionExists.c.o   -c /usr/share/cmake-3.10/Modules/CheckFunctionExists.c
Linking C executable cmTC_c0572
/usr/bin/cmake -E cmake_link_script CMakeFiles/cmTC_c0572.dir/link.txt --verbose=1
/usr/bin/cc  -DCHECK_FUNCTION_EXISTS=pthread_create    -rdynamic CMakeFiles/cmTC_c0572.dir/CheckFunctionExists.c.o  -o cmTC_c0572 -lpthreads 
/usr/bin/ld: 找不到 -lpthreads
collect2: error: ld returned 1 exit status
CMakeFiles/cmTC_c0572.dir/build.make:97: recipe for target 'cmTC_c0572' failed
make[1]: *** [cmTC_c0572] Error 1
make[1]: 离开目录“/home/cs18/Desktop/homework/Games101Homework/homework8/build/CMakeFiles/CMakeTmp”
Makefile:126: recipe for target 'cmTC_c0572/fast' failed
make: *** [cmTC_c0572/fast] Error 2


Determining if the function glXGetProcAddressEXT exists failed with the following output:
Change Dir: /home/cs18/Desktop/homework/Games101Homework/homework8/build/CMakeFiles/CMakeTmp

Run Build Command:"/usr/bin/make" "cmTC_81b94/fast"
/usr/bin/make -f CMakeFiles/cmTC_81b94.dir/build.make CMakeFiles/cmTC_81b94.dir/build
make[1]: 进入目录“/home/cs18/Desktop/homework/Games101Homework/homework8/build/CMakeFiles/CMakeTmp”
Building C object CMakeFiles/cmTC_81b94.dir/CheckFunctionExists.c.o
/usr/bin/cc   -DCHECK_FUNCTION_EXISTS=glXGetProcAddressEXT   -o CMakeFiles/cmTC_81b94.dir/CheckFunctionExists.c.o   -c /usr/share/cmake-3.10/Modules/CheckFunctionExists.c
Linking C executable cmTC_81b94
/usr/bin/cmake -E cmake_link_script CMakeFiles/cmTC_81b94.dir/link.txt --verbose=1
/usr/bin/cc  -DCHECK_FUNCTION_EXISTS=glXGetProcAddressEXT    -rdynamic CMakeFiles/cmTC_81b94.dir/CheckFunctionExists.c.o  -o cmTC_81b94 /usr/lib/x86_64-linux-gnu/libGL.so 
CMakeFiles/cmTC_81b94.dir/CheckFunctionExists.c.o：在函数‘main’中：
CheckFunctionExists.c:(.text+0x10)：对‘glXGetProcAddressEXT’未定义的引用
collect2: error: ld returned 1 exit status
CMakeFiles/cmTC_81b94.dir/build.make:98: recipe for target 'cmTC_81b94' failed
make[1]: *** [cmTC_81b94] Error 1
make[1]: 离开目录“/home/cs18/Desktop/homework/Games101Homework/homework8/build/CMakeFiles/CMakeTmp”
Makefile:126: recipe for target 'cmTC_81b94/fast' failed
make: *** [cmTC_81b94/fast] Error 2


